Using pre-set license
Built from '2021.3/china_unity/release' branch; Version is '2021.3.6f1c1 (07401303b748) revision 475155'; Using compiler version '192829333'; Build Type 'Release'
OS: 'Windows 10  (10.0.19045) 64bit CoreCountrySpecific' Language: 'zh' Physical Memory: 32488 MB
BatchMode: 1, IsHumanControllingUs: 0, StartBugReporterOnCrash: 0, Is64bit: 1, IsPro: 1

COMMAND LINE ARGUMENTS:
D:\Work\UnityEditors\2021.3.6f1c1\Editor\Unity.exe
-adb2
-batchMode
-noUpm
-name
AssetImportWorker0
-projectPath
D:/Work/UnityProjects/MetaHumanProject
-logFile
Logs/AssetImportWorker0.log
-srvPort
56123
Successfully changed project path to: D:/Work/UnityProjects/MetaHumanProject
D:/Work/UnityProjects/MetaHumanProject
[UnityMemory] Configuration Parameters - Can be set up in boot.config
    "memorysetup-bucket-allocator-granularity=16"
    "memorysetup-bucket-allocator-bucket-count=8"
    "memorysetup-bucket-allocator-block-size=33554432"
    "memorysetup-bucket-allocator-block-count=8"
    "memorysetup-main-allocator-block-size=16777216"
    "memorysetup-thread-allocator-block-size=16777216"
    "memorysetup-gfx-main-allocator-block-size=16777216"
    "memorysetup-gfx-thread-allocator-block-size=16777216"
    "memorysetup-cache-allocator-block-size=4194304"
    "memorysetup-typetree-allocator-block-size=2097152"
    "memorysetup-profiler-bucket-allocator-granularity=16"
    "memorysetup-profiler-bucket-allocator-bucket-count=8"
    "memorysetup-profiler-bucket-allocator-block-size=33554432"
    "memorysetup-profiler-bucket-allocator-block-count=8"
    "memorysetup-profiler-allocator-block-size=16777216"
    "memorysetup-profiler-editor-allocator-block-size=1048576"
    "memorysetup-temp-allocator-size-main=16777216"
    "memorysetup-job-temp-allocator-block-size=2097152"
    "memorysetup-job-temp-allocator-block-size-background=1048576"
    "memorysetup-job-temp-allocator-reduction-small-platforms=262144"
    "memorysetup-temp-allocator-size-background-worker=32768"
    "memorysetup-temp-allocator-size-job-worker=262144"
    "memorysetup-temp-allocator-size-preload-manager=33554432"
    "memorysetup-temp-allocator-size-nav-mesh-worker=65536"
    "memorysetup-temp-allocator-size-audio-worker=65536"
    "memorysetup-temp-allocator-size-cloud-worker=32768"
    "memorysetup-temp-allocator-size-gi-baking-worker=262144"
    "memorysetup-temp-allocator-size-gfx=262144"
AS: AutoStreaming module initializing.
Refreshing native plugins compatible for Editor in 108.17 ms, found 3 plugins.
Preloading 0 native plugins for Editor in 0.00 ms.
Initialize engine version: 2021.3.6f1c1 (07401303b748)
[Subsystems] Discovering subsystems at path D:/Work/UnityEditors/2021.3.6f1c1/Editor/Data/Resources/UnitySubsystems
[Subsystems] Discovering subsystems at path D:/Work/UnityProjects/MetaHumanProject/Assets
GfxDevice: creating device client; threaded=0; jobified=0
Direct3D:
    Version:  Direct3D 11.0 [level 11.1]
    Renderer: NVIDIA GeForce RTX 3070 (ID=0x2488)
    Vendor:   NVIDIA
    VRAM:     8031 MB
    Driver:   31.0.15.2824
Initialize mono
Mono path[0] = 'D:/Work/UnityEditors/2021.3.6f1c1/Editor/Data/Managed'
Mono path[1] = 'D:/Work/UnityEditors/2021.3.6f1c1/Editor/Data/MonoBleedingEdge/lib/mono/unityjit-win32'
Mono config path = 'D:/Work/UnityEditors/2021.3.6f1c1/Editor/Data/MonoBleedingEdge/etc'
Using monoOptions --debugger-agent=transport=dt_socket,embedding=1,server=y,suspend=n,address=127.0.0.1:56400
Begin MonoManager ReloadAssembly
Registering precompiled unity dll's ...
Register platform support module: D:/Work/UnityEditors/2021.3.6f1c1/Editor/Data/PlaybackEngines/AndroidPlayer/UnityEditor.Android.Extensions.dll
Register platform support module: D:/Work/UnityEditors/2021.3.6f1c1/Editor/Data/PlaybackEngines/iOSSupport/UnityEditor.iOS.Extensions.dll
Register platform support module: D:/Work/UnityEditors/2021.3.6f1c1/Editor/Data/PlaybackEngines/WindowsStandaloneSupport/UnityEditor.WindowsStandalone.Extensions.dll
Registered in 0.004133 seconds.
Native extension for WindowsStandalone target not found
[usbmuxd] Start listen thread
[usbmuxd] Listen thread started
Native extension for iOS target not found
Native extension for Android target not found
Refreshing native plugins compatible for Editor in 113.65 ms, found 3 plugins.
Preloading 0 native plugins for Editor in 0.00 ms.
Mono: successfully reloaded assembly
- Completed reload, in  0.684 seconds
Domain Reload Profiling:
	ReloadAssembly (684ms)
		BeginReloadAssembly (69ms)
			ExecutionOrderSort (0ms)
			DisableScriptedObjects (0ms)
			BackupInstance (0ms)
			ReleaseScriptingObjects (0ms)
			CreateAndSetChildDomain (1ms)
		EndReloadAssembly (512ms)
			LoadAssemblies (67ms)
			RebuildTransferFunctionScriptingTraits (0ms)
			SetupTypeCache (107ms)
			ReleaseScriptCaches (0ms)
			RebuildScriptCaches (29ms)
			SetupLoadedEditorAssemblies (324ms)
				LogAssemblyErrors (0ms)
				InitializePlatformSupportModulesInManaged (65ms)
				SetLoadedEditorAssemblies (2ms)
				RefreshPlugins (114ms)
				BeforeProcessingInitializeOnLoad (1ms)
				ProcessInitializeOnLoadAttributes (98ms)
				ProcessInitializeOnLoadMethodAttributes (45ms)
				AfterProcessingInitializeOnLoad (0ms)
				EditorAssembliesLoaded (0ms)
			ExecutionOrderSort2 (0ms)
			AwakeInstancesAfterBackupRestoration (0ms)
Platform modules already initialized, skipping
Registering precompiled user dll's ...
Registered in 0.011517 seconds.
Android Extension - Scanning For ADB Devices 5419 ms
Begin MonoManager ReloadAssembly
Symbol file LoadedFromMemory doesn't match image D:\Work\UnityProjects\MetaHumanProject\Library\PackageCache\com.unity.visualscripting@1.7.8\Editor\VisualScripting.Core\Dependencies\YamlDotNet\Unity.VisualScripting.YamlDotNet.dll
Symbol file LoadedFromMemory doesn't match image D:\Work\UnityProjects\MetaHumanProject\Library\PackageCache\com.unity.visualscripting@1.7.8\Editor\VisualScripting.Core\Dependencies\DotNetZip\Unity.VisualScripting.IonicZip.dll
Native extension for WindowsStandalone target not found
Native extension for iOS target not found
Native extension for Android target not found
Refreshing native plugins compatible for Editor in 100.95 ms, found 3 plugins.
Preloading 0 native plugins for Editor in 0.00 ms.
Mono: successfully reloaded assembly
- Completed reload, in  1.329 seconds
Domain Reload Profiling:
	ReloadAssembly (1330ms)
		BeginReloadAssembly (104ms)
			ExecutionOrderSort (0ms)
			DisableScriptedObjects (6ms)
			BackupInstance (0ms)
			ReleaseScriptingObjects (0ms)
			CreateAndSetChildDomain (17ms)
		EndReloadAssembly (1111ms)
			LoadAssemblies (140ms)
			RebuildTransferFunctionScriptingTraits (0ms)
			SetupTypeCache (292ms)
			ReleaseScriptCaches (1ms)
			RebuildScriptCaches (57ms)
			SetupLoadedEditorAssemblies (574ms)
				LogAssemblyErrors (0ms)
				InitializePlatformSupportModulesInManaged (20ms)
				SetLoadedEditorAssemblies (0ms)
				RefreshPlugins (101ms)
				BeforeProcessingInitializeOnLoad (109ms)
				ProcessInitializeOnLoadAttributes (250ms)
				ProcessInitializeOnLoadMethodAttributes (87ms)
				AfterProcessingInitializeOnLoad (7ms)
				EditorAssembliesLoaded (0ms)
			ExecutionOrderSort2 (0ms)
			AwakeInstancesAfterBackupRestoration (6ms)
Platform modules already initialized, skipping
========================================================================
Worker process is ready to serve import requests
Launched and connected shader compiler UnityShaderCompiler.exe after 0.06 seconds
Refreshing native plugins compatible for Editor in 0.90 ms, found 3 plugins.
Preloading 0 native plugins for Editor in 0.00 ms.
Unloading 5138 Unused Serialized files (Serialized files now loaded: 0)
Unloading 37 unused Assets / (0.8 MB). Loaded Objects now: 5590.
Memory consumption went from 201.1 MB to 200.4 MB.
Total: 4.594300 ms (FindLiveObjects: 0.845800 ms CreateObjectMapping: 0.212400 ms MarkObjects: 3.184600 ms  DeleteObjects: 0.350100 ms)

AssetImportParameters requested are different than current active one (requested -> active):
  custom:video-decoder-ogg-theora: a1e56fd34408186e4bbccfd4996cb3dc -> 
  custom:container-muxer-webm: aa71ff27fc2769a1b78a27578f13a17b -> 
  custom:container-demuxer-webm: 4f35f7cbe854078d1ac9338744f61a02 -> 
  custom:video-encoder-webm-vp8: eb34c28f22e8b96e1ab97ce403110664 -> 
  custom:audio-encoder-webm-vorbis: bf7c407c2cedff20999df2af8eb42d56 -> 
  custom:framework-win-MediaFoundation: 216162199b28c13a410421893ffa2e32 -> 
  custom:container-demuxer-ogg: 62fdf1f143b41e24485cea50d1cbac27 -> 
  custom:video-decoder-webm-vp8: 9c59270c3fd7afecdb556c50c9e8de78 -> 
  custom:audio-decoder-ogg-vorbis: bf7c407c2cedff20999df2af8eb42d56 -> 
========================================================================
Received Import Request.
  Time since last request: 387381.972060 seconds.
  path: Assets/ExportPackageByCharacterCreator/male2/male2.Fbx
  artifactKey: Guid(bd145c659ba77ff47ba2eeb1a87df85f) Importer(815301076,1909f56bfc062723c751e8b465ee728b)
Start importing Assets/ExportPackageByCharacterCreator/male2/male2.Fbx using Guid(bd145c659ba77ff47ba2eeb1a87df85f) Importer(815301076,1909f56bfc062723c751e8b465ee728b)  -> (artifact id: '54ae142950c0c8f84a31072d194caa88') in 2.505348 seconds 
========================================================================
Received Prepare
Registering precompiled user dll's ...
Registered in 0.014743 seconds.
Begin MonoManager ReloadAssembly
Symbol file LoadedFromMemory doesn't match image D:\Work\UnityProjects\MetaHumanProject\Library\PackageCache\com.unity.visualscripting@1.7.8\Editor\VisualScripting.Core\Dependencies\YamlDotNet\Unity.VisualScripting.YamlDotNet.dll
Symbol file LoadedFromMemory doesn't match image D:\Work\UnityProjects\MetaHumanProject\Library\PackageCache\com.unity.visualscripting@1.7.8\Editor\VisualScripting.Core\Dependencies\DotNetZip\Unity.VisualScripting.IonicZip.dll
Native extension for WindowsStandalone target not found
Native extension for iOS target not found
Native extension for Android target not found
Refreshing native plugins compatible for Editor in 0.91 ms, found 3 plugins.
Preloading 0 native plugins for Editor in 0.00 ms.
Mono: successfully reloaded assembly
- Completed reload, in  1.226 seconds
Domain Reload Profiling:
	ReloadAssembly (1227ms)
		BeginReloadAssembly (145ms)
			ExecutionOrderSort (0ms)
			DisableScriptedObjects (8ms)
			BackupInstance (0ms)
			ReleaseScriptingObjects (0ms)
			CreateAndSetChildDomain (41ms)
		EndReloadAssembly (974ms)
			LoadAssemblies (94ms)
			RebuildTransferFunctionScriptingTraits (0ms)
			SetupTypeCache (300ms)
			ReleaseScriptCaches (2ms)
			RebuildScriptCaches (48ms)
			SetupLoadedEditorAssemblies (448ms)
				LogAssemblyErrors (0ms)
				InitializePlatformSupportModulesInManaged (33ms)
				SetLoadedEditorAssemblies (1ms)
				RefreshPlugins (1ms)
				BeforeProcessingInitializeOnLoad (86ms)
				ProcessInitializeOnLoadAttributes (229ms)
				ProcessInitializeOnLoadMethodAttributes (91ms)
				AfterProcessingInitializeOnLoad (8ms)
				EditorAssembliesLoaded (0ms)
			ExecutionOrderSort2 (0ms)
			AwakeInstancesAfterBackupRestoration (13ms)
Platform modules already initialized, skipping
Refreshing native plugins compatible for Editor in 2.64 ms, found 3 plugins.
Preloading 0 native plugins for Editor in 0.00 ms.
Unloading 5023 Unused Serialized files (Serialized files now loaded: 0)
Unloading 30 unused Assets / (0.7 MB). Loaded Objects now: 5648.
Memory consumption went from 213.1 MB to 212.3 MB.
Total: 3.691900 ms (FindLiveObjects: 0.662100 ms CreateObjectMapping: 0.218700 ms MarkObjects: 2.508600 ms  DeleteObjects: 0.300600 ms)

AssetImportParameters requested are different than current active one (requested -> active):
  custom:video-decoder-ogg-theora: a1e56fd34408186e4bbccfd4996cb3dc -> 
  custom:container-muxer-webm: aa71ff27fc2769a1b78a27578f13a17b -> 
  custom:container-demuxer-webm: 4f35f7cbe854078d1ac9338744f61a02 -> 
  custom:video-encoder-webm-vp8: eb34c28f22e8b96e1ab97ce403110664 -> 
  custom:audio-encoder-webm-vorbis: bf7c407c2cedff20999df2af8eb42d56 -> 
  custom:framework-win-MediaFoundation: 216162199b28c13a410421893ffa2e32 -> 
  custom:container-demuxer-ogg: 62fdf1f143b41e24485cea50d1cbac27 -> 
  custom:video-decoder-webm-vp8: 9c59270c3fd7afecdb556c50c9e8de78 -> 
  custom:audio-decoder-ogg-vorbis: bf7c407c2cedff20999df2af8eb42d56 -> 
========================================================================
Received Import Request.
  Time since last request: 68.250036 seconds.
  path: Assets/ExportPackageByCharacterCreator/male2/textures/male2/CC_Base_Eye/CC_Base_Eye/Std_Cornea_L/Std_Cornea_L_blend_multiply.png
  artifactKey: Guid(3fdea7d810b1df84788d62019d977ff9) Importer(815301076,1909f56bfc062723c751e8b465ee728b)
Start importing Assets/ExportPackageByCharacterCreator/male2/textures/male2/CC_Base_Eye/CC_Base_Eye/Std_Cornea_L/Std_Cornea_L_blend_multiply.png using Guid(3fdea7d810b1df84788d62019d977ff9) Importer(815301076,1909f56bfc062723c751e8b465ee728b)  -> (artifact id: '358f0355204897a1fda026be088777ff') in 0.063638 seconds 
========================================================================
Received Import Request.
  Time since last request: 10.730829 seconds.
  path: Assets/ExportPackageByCharacterCreator/male2/textures/male2/CC_Base_Eye/CC_Base_Eye/Std_Cornea_L/Std_Cornea_L_HDRP.png
  artifactKey: Guid(24785b82767208749b262b34203a0372) Importer(815301076,1909f56bfc062723c751e8b465ee728b)
Start importing Assets/ExportPackageByCharacterCreator/male2/textures/male2/CC_Base_Eye/CC_Base_Eye/Std_Cornea_L/Std_Cornea_L_HDRP.png using Guid(24785b82767208749b262b34203a0372) Importer(815301076,1909f56bfc062723c751e8b465ee728b)  -> (artifact id: '791a071b98d81bb5ebcb43c8d727ad2a') in 0.017454 seconds 
========================================================================
Received Import Request.
  Time since last request: 4.045453 seconds.
  path: Assets/ExportPackageByCharacterCreator/male2/textures/male2/CC_Base_Eye/CC_Base_Eye/Std_Cornea_L/Std_Cornea_L_ao.jpg
  artifactKey: Guid(33dc6e2bcb8db4d4692f04b26478ff73) Importer(815301076,1909f56bfc062723c751e8b465ee728b)
Start importing Assets/ExportPackageByCharacterCreator/male2/textures/male2/CC_Base_Eye/CC_Base_Eye/Std_Cornea_L/Std_Cornea_L_ao.jpg using Guid(33dc6e2bcb8db4d4692f04b26478ff73) Importer(815301076,1909f56bfc062723c751e8b465ee728b)  -> (artifact id: '618c73a1d67b2291f1747416ca9700b9') in 0.017876 seconds 
========================================================================
Received Import Request.
  Time since last request: 1.134764 seconds.
  path: Assets/ExportPackageByCharacterCreator/male2/textures/male2/CC_Base_Eye/CC_Base_Eye/Std_Cornea_L/Std_Cornea_L_MetallicAlpha.png
  artifactKey: Guid(119f57b5df53f254cbb8288e22e7423c) Importer(815301076,1909f56bfc062723c751e8b465ee728b)
Start importing Assets/ExportPackageByCharacterCreator/male2/textures/male2/CC_Base_Eye/CC_Base_Eye/Std_Cornea_L/Std_Cornea_L_MetallicAlpha.png using Guid(119f57b5df53f254cbb8288e22e7423c) Importer(815301076,1909f56bfc062723c751e8b465ee728b)  -> (artifact id: '6d64a54cd41fa7ceb0b1e6416ffd4f0a') in 0.017301 seconds 
========================================================================
Received Import Request.
  Time since last request: 85.092494 seconds.
  path: Assets/ExportPackageByCharacterCreator/male2/textures/male2/CC_Base_Eye/CC_Base_Eye/Std_Eye_L/Std_Eye_L_HDRP.png
  artifactKey: Guid(616ea902bac69454ab9e0c3592e868a7) Importer(815301076,1909f56bfc062723c751e8b465ee728b)
Start importing Assets/ExportPackageByCharacterCreator/male2/textures/male2/CC_Base_Eye/CC_Base_Eye/Std_Eye_L/Std_Eye_L_HDRP.png using Guid(616ea902bac69454ab9e0c3592e868a7) Importer(815301076,1909f56bfc062723c751e8b465ee728b)  -> (artifact id: 'be126b5d6ddcb9ab83e238f3df44c375') in 0.049927 seconds 
========================================================================
Received Import Request.
  Time since last request: 150.448664 seconds.
  path: Assets/ExportPackageByCharacterCreator/male2/textures/male2/CC_Base_Eye/CC_Base_Eye/Std_Cornea_R/Std_Cornea_R_blend_multiply.png
  artifactKey: Guid(7b620e3b582cec445a7d8520c03b8d18) Importer(815301076,1909f56bfc062723c751e8b465ee728b)
Start importing Assets/ExportPackageByCharacterCreator/male2/textures/male2/CC_Base_Eye/CC_Base_Eye/Std_Cornea_R/Std_Cornea_R_blend_multiply.png using Guid(7b620e3b582cec445a7d8520c03b8d18) Importer(815301076,1909f56bfc062723c751e8b465ee728b)  -> (artifact id: '574b860a9e4f16331b130222b55e6a39') in 0.017837 seconds 
========================================================================
Received Import Request.
  Time since last request: 11.383655 seconds.
  path: Assets/ExportPackageByCharacterCreator/male2/textures/male2/Classic_short/KevinHair_Original/Hair_Transparency/Hair_Transparency_blend_multiply.jpg
  artifactKey: Guid(1f5336a6c4e5c5349871de6802d6d510) Importer(815301076,1909f56bfc062723c751e8b465ee728b)
Start importing Assets/ExportPackageByCharacterCreator/male2/textures/male2/Classic_short/KevinHair_Original/Hair_Transparency/Hair_Transparency_blend_multiply.jpg using Guid(1f5336a6c4e5c5349871de6802d6d510) Importer(815301076,1909f56bfc062723c751e8b465ee728b)  -> (artifact id: '659290a034dde88c7d20251f621ce9dc') in 0.027617 seconds 
========================================================================
Received Import Request.
  Time since last request: 16.216912 seconds.
  path: Assets/ExportPackageByCharacterCreator/male2/textures/male2/CC_Base_TearLine/CC_Base_TearLine/Std_Tearline_R/Std_Tearline_R_MetallicAlpha.png
  artifactKey: Guid(3f8524291f984c3428575a683862ab71) Importer(815301076,1909f56bfc062723c751e8b465ee728b)
Start importing Assets/ExportPackageByCharacterCreator/male2/textures/male2/CC_Base_TearLine/CC_Base_TearLine/Std_Tearline_R/Std_Tearline_R_MetallicAlpha.png using Guid(3f8524291f984c3428575a683862ab71) Importer(815301076,1909f56bfc062723c751e8b465ee728b)  -> (artifact id: 'd4730b3465e0f3b8e8db11bc93062d03') in 0.032716 seconds 
========================================================================
Received Import Request.
  Time since last request: 4.104646 seconds.
  path: Assets/ExportPackageByCharacterCreator/male2/textures/male2/CC_Base_TearLine/CC_Base_TearLine/Std_Tearline_R/Std_Tearline_R_HDRP.png
  artifactKey: Guid(093ac6ebf388cd34691db7548226a957) Importer(815301076,1909f56bfc062723c751e8b465ee728b)
Start importing Assets/ExportPackageByCharacterCreator/male2/textures/male2/CC_Base_TearLine/CC_Base_TearLine/Std_Tearline_R/Std_Tearline_R_HDRP.png using Guid(093ac6ebf388cd34691db7548226a957) Importer(815301076,1909f56bfc062723c751e8b465ee728b)  -> (artifact id: 'f82060fa0e2f42b0f56e2e63f9bd9314') in 0.013872 seconds 
========================================================================
Received Import Request.
  Time since last request: 28.483943 seconds.
  path: Assets/ExportPackageByCharacterCreator/male2/textures/male2/male2/CC_Base_Body/Std_Skin_Arm/Std_Skin_Arm_ResourceMap_WSNormal.png
  artifactKey: Guid(978e2aa36c57f94438036c754b7db874) Importer(815301076,1909f56bfc062723c751e8b465ee728b)
Start importing Assets/ExportPackageByCharacterCreator/male2/textures/male2/male2/CC_Base_Body/Std_Skin_Arm/Std_Skin_Arm_ResourceMap_WSNormal.png using Guid(978e2aa36c57f94438036c754b7db874) Importer(815301076,1909f56bfc062723c751e8b465ee728b)  -> (artifact id: '866359e68fb000d4874968acde109195') in 0.035153 seconds 
========================================================================
Received Import Request.
  Time since last request: 1232.992964 seconds.
  path: Assets/ExportPackageByCharacterCreator/male2/textures/male2/CC_Base_Eye/CC_Base_Eye/Std_Cornea_R/Std_Cornea_R_HDRP.png
  artifactKey: Guid(22e09e0a111fee54289900fff7669fd8) Importer(815301076,1909f56bfc062723c751e8b465ee728b)
Start importing Assets/ExportPackageByCharacterCreator/male2/textures/male2/CC_Base_Eye/CC_Base_Eye/Std_Cornea_R/Std_Cornea_R_HDRP.png using Guid(22e09e0a111fee54289900fff7669fd8) Importer(815301076,1909f56bfc062723c751e8b465ee728b)  -> (artifact id: '4ef9192bad94ef78b603a7c4fcf76c49') in 0.016590 seconds 
========================================================================
Received Import Request.
  Time since last request: 13.002873 seconds.
  path: Assets/ExportPackageByCharacterCreator/male2/textures/male2/Classic_short/KevinHair_Original/Hair_Transparency/Hair_Transparency_ao.jpg
  artifactKey: Guid(9949de215b93c7844a86918e9ae7c9d8) Importer(815301076,1909f56bfc062723c751e8b465ee728b)
Start importing Assets/ExportPackageByCharacterCreator/male2/textures/male2/Classic_short/KevinHair_Original/Hair_Transparency/Hair_Transparency_ao.jpg using Guid(9949de215b93c7844a86918e9ae7c9d8) Importer(815301076,1909f56bfc062723c751e8b465ee728b)  -> (artifact id: '8b7eb91da04da570c40c09f67dfcd4c4') in 0.033693 seconds 
========================================================================
Received Import Request.
  Time since last request: 77.908903 seconds.
  path: Assets/ExportPackageByCharacterCreator/male2/male2.fbm/Male_Brow_Base_Transparency_Diffuse.png
  artifactKey: Guid(5c522d4beba40a34f8a706baf2bf3946) Importer(815301076,1909f56bfc062723c751e8b465ee728b)
Start importing Assets/ExportPackageByCharacterCreator/male2/male2.fbm/Male_Brow_Base_Transparency_Diffuse.png using Guid(5c522d4beba40a34f8a706baf2bf3946) Importer(815301076,1909f56bfc062723c751e8b465ee728b)  -> (artifact id: '701729427eb61e99cfa65b5dc9ec6978') in 0.032403 seconds 
========================================================================
Received Import Request.
  Time since last request: 0.708594 seconds.
  path: Assets/ExportPackageByCharacterCreator/male2/male2.fbm/Male_Brow_Transparency_Diffuse.png
  artifactKey: Guid(886c5b9d67535314081d6296621a13fb) Importer(815301076,1909f56bfc062723c751e8b465ee728b)
Start importing Assets/ExportPackageByCharacterCreator/male2/male2.fbm/Male_Brow_Transparency_Diffuse.png using Guid(886c5b9d67535314081d6296621a13fb) Importer(815301076,1909f56bfc062723c751e8b465ee728b)  -> (artifact id: '34e17a59df81fa4f6d2eab67f102e0d6') in 0.034481 seconds 
========================================================================
Received Import Request.
  Time since last request: 0.128714 seconds.
  path: Assets/ExportPackageByCharacterCreator/male2/male2.fbm/Scalp_Transparency_Diffuse.png
  artifactKey: Guid(f9dc7c77ae69a7f47a46f8191d15c64b) Importer(815301076,1909f56bfc062723c751e8b465ee728b)
Start importing Assets/ExportPackageByCharacterCreator/male2/male2.fbm/Scalp_Transparency_Diffuse.png using Guid(f9dc7c77ae69a7f47a46f8191d15c64b) Importer(815301076,1909f56bfc062723c751e8b465ee728b)  -> (artifact id: 'dadf105d520413553c4f78bcaee3ade1') in 0.050170 seconds 
========================================================================
Received Import Request.
  Time since last request: 0.921599 seconds.
  path: Assets/ExportPackageByCharacterCreator/male2/male2.fbm/Hair_Transparency_Diffuse.png
  artifactKey: Guid(fa0979be10e10704da2bf1eb377b97dd) Importer(815301076,1909f56bfc062723c751e8b465ee728b)
Start importing Assets/ExportPackageByCharacterCreator/male2/male2.fbm/Hair_Transparency_Diffuse.png using Guid(fa0979be10e10704da2bf1eb377b97dd) Importer(815301076,1909f56bfc062723c751e8b465ee728b)  -> (artifact id: '0aabf81ff365e49393fa262d3a74dad9') in 0.031121 seconds 
========================================================================
Received Import Request.
  Time since last request: 284.438324 seconds.
  path: Assets/ExportPackageByCharacterCreator/male2/male2.fbm/Hair_Transparency_Diffuse_Alpha.png
  artifactKey: Guid(360d3eab79978d7418dc3f6c331c1600) Importer(815301076,1909f56bfc062723c751e8b465ee728b)
Start importing Assets/ExportPackageByCharacterCreator/male2/male2.fbm/Hair_Transparency_Diffuse_Alpha.png using Guid(360d3eab79978d7418dc3f6c331c1600) Importer(815301076,1909f56bfc062723c751e8b465ee728b)  -> (artifact id: 'eb99d596b673a304cfc956a0a1ceb6d4') in 0.014911 seconds 
========================================================================
Received Import Request.
  Time since last request: 284.056309 seconds.
  path: Assets/ExportPackageByCharacterCreator/male2/male2.fbm/Hair_Transparency_Diffuse_Alpha.png
  artifactKey: Guid(360d3eab79978d7418dc3f6c331c1600) Importer(815301076,1909f56bfc062723c751e8b465ee728b)
Start importing Assets/ExportPackageByCharacterCreator/male2/male2.fbm/Hair_Transparency_Diffuse_Alpha.png using Guid(360d3eab79978d7418dc3f6c331c1600) Importer(815301076,1909f56bfc062723c751e8b465ee728b)  -> (artifact id: '63a3a537c6b8b31a5731c305e79f7f30') in 0.023116 seconds 
========================================================================
Received Import Request.
  Time since last request: 15.078240 seconds.
  path: Assets/ExportPackageByCharacterCreator/male2/male2.fbm/Hair_Transparency_Diffuse.png
  artifactKey: Guid(fa0979be10e10704da2bf1eb377b97dd) Importer(815301076,1909f56bfc062723c751e8b465ee728b)
Start importing Assets/ExportPackageByCharacterCreator/male2/male2.fbm/Hair_Transparency_Diffuse.png using Guid(fa0979be10e10704da2bf1eb377b97dd) Importer(815301076,1909f56bfc062723c751e8b465ee728b)  -> (artifact id: 'fa4d54c02d062a53640e4a676cd45560') in 0.052072 seconds 
========================================================================
Received Import Request.
  Time since last request: 6.359660 seconds.
  path: Assets/ExportPackageByCharacterCreator/male2/male2.fbm/Hair_Transparency_Diffuse_Alpha.png
  artifactKey: Guid(360d3eab79978d7418dc3f6c331c1600) Importer(815301076,1909f56bfc062723c751e8b465ee728b)
Start importing Assets/ExportPackageByCharacterCreator/male2/male2.fbm/Hair_Transparency_Diffuse_Alpha.png using Guid(360d3eab79978d7418dc3f6c331c1600) Importer(815301076,1909f56bfc062723c751e8b465ee728b)  -> (artifact id: '125b5500c72c844718a42216cc8440d4') in 0.023866 seconds 
========================================================================
Received Import Request.
  Time since last request: 155.625510 seconds.
  path: Assets/ExportPackageByCharacterCreator/male2/male2.fbm/Beard_Transparency_Diffuse.png
  artifactKey: Guid(e795f3ac35743874ebde4d7900b1d688) Importer(815301076,1909f56bfc062723c751e8b465ee728b)
Start importing Assets/ExportPackageByCharacterCreator/male2/male2.fbm/Beard_Transparency_Diffuse.png using Guid(e795f3ac35743874ebde4d7900b1d688) Importer(815301076,1909f56bfc062723c751e8b465ee728b)  -> (artifact id: '309e1b6e32fcc5d7c666ab240990b38c') in 0.035976 seconds 
========================================================================
Received Import Request.
  Time since last request: 181.409518 seconds.
  path: Assets/ExportPackageByCharacterCreator/male2/male2.fbm/Hair_Transparency_Diffuse_Alpha.png
  artifactKey: Guid(360d3eab79978d7418dc3f6c331c1600) Importer(815301076,1909f56bfc062723c751e8b465ee728b)
Start importing Assets/ExportPackageByCharacterCreator/male2/male2.fbm/Hair_Transparency_Diffuse_Alpha.png using Guid(360d3eab79978d7418dc3f6c331c1600) Importer(815301076,1909f56bfc062723c751e8b465ee728b)  -> (artifact id: 'bf162efc758cf8efccdce3a6d6707ea5') in 0.015058 seconds 
========================================================================
Received Import Request.
  Time since last request: 291.055821 seconds.
  path: Assets/ExportPackageByCharacterCreator/male2/male2.fbm/Hair_Transparency_Diffuse_Alpha.png
  artifactKey: Guid(360d3eab79978d7418dc3f6c331c1600) Importer(815301076,1909f56bfc062723c751e8b465ee728b)
Start importing Assets/ExportPackageByCharacterCreator/male2/male2.fbm/Hair_Transparency_Diffuse_Alpha.png using Guid(360d3eab79978d7418dc3f6c331c1600) Importer(815301076,1909f56bfc062723c751e8b465ee728b)  -> (artifact id: 'ca02057d2858c64cb22d04173ae05e12') in 0.014490 seconds 
========================================================================
Received Import Request.
  Time since last request: 992.465462 seconds.
  path: Assets/ExportPackageByCharacterCreator/male2/male2.fbm/new测试1.png
  artifactKey: Guid(03bfb8dc5245fd647b750609cf6c0d6b) Importer(815301076,1909f56bfc062723c751e8b465ee728b)
Start importing Assets/ExportPackageByCharacterCreator/male2/male2.fbm/new测试1.png using Guid(03bfb8dc5245fd647b750609cf6c0d6b) Importer(815301076,1909f56bfc062723c751e8b465ee728b)  -> (artifact id: 'e90cb70f59719e5eb4693f05ab93f7ab') in 0.020105 seconds 
========================================================================
Received Import Request.
  Time since last request: 519.622046 seconds.
  path: Assets/Editor
  artifactKey: Guid(c14526f2b757d3b4caf83e636d47404d) Importer(815301076,1909f56bfc062723c751e8b465ee728b)
Start importing Assets/Editor using Guid(c14526f2b757d3b4caf83e636d47404d) Importer(815301076,1909f56bfc062723c751e8b465ee728b)  -> (artifact id: 'a658a2fabf8bf35be38be4e9fd9e33fb') in 0.005967 seconds 
========================================================================
Received Import Request.
  Time since last request: 8.596849 seconds.
  path: Assets/Editor/ImageCombine.cs
  artifactKey: Guid(17135847a4a63f44d967879f22589523) Importer(815301076,1909f56bfc062723c751e8b465ee728b)
Start importing Assets/Editor/ImageCombine.cs using Guid(17135847a4a63f44d967879f22589523) Importer(815301076,1909f56bfc062723c751e8b465ee728b)  -> (artifact id: '17267696ce8dc8f79d71549e48331b67') in 0.036566 seconds 
========================================================================
Received Prepare
Registering precompiled user dll's ...
Registered in 0.009459 seconds.
Begin MonoManager ReloadAssembly
Symbol file LoadedFromMemory doesn't match image D:\Work\UnityProjects\MetaHumanProject\Library\PackageCache\com.unity.visualscripting@1.7.8\Editor\VisualScripting.Core\Dependencies\YamlDotNet\Unity.VisualScripting.YamlDotNet.dll
Symbol file LoadedFromMemory doesn't match image D:\Work\UnityProjects\MetaHumanProject\Library\PackageCache\com.unity.visualscripting@1.7.8\Editor\VisualScripting.Core\Dependencies\DotNetZip\Unity.VisualScripting.IonicZip.dll
Native extension for WindowsStandalone target not found
Native extension for iOS target not found
Native extension for Android target not found
Refreshing native plugins compatible for Editor in 0.95 ms, found 3 plugins.
Preloading 0 native plugins for Editor in 0.00 ms.
Mono: successfully reloaded assembly
- Completed reload, in  1.427 seconds
Domain Reload Profiling:
	ReloadAssembly (1428ms)
		BeginReloadAssembly (235ms)
			ExecutionOrderSort (0ms)
			DisableScriptedObjects (12ms)
			BackupInstance (0ms)
			ReleaseScriptingObjects (0ms)
			CreateAndSetChildDomain (81ms)
		EndReloadAssembly (1072ms)
			LoadAssemblies (114ms)
			RebuildTransferFunctionScriptingTraits (0ms)
			SetupTypeCache (329ms)
			ReleaseScriptCaches (3ms)
			RebuildScriptCaches (48ms)
			SetupLoadedEditorAssemblies (446ms)
				LogAssemblyErrors (0ms)
				InitializePlatformSupportModulesInManaged (34ms)
				SetLoadedEditorAssemblies (1ms)
				RefreshPlugins (1ms)
				BeforeProcessingInitializeOnLoad (88ms)
				ProcessInitializeOnLoadAttributes (230ms)
				ProcessInitializeOnLoadMethodAttributes (86ms)
				AfterProcessingInitializeOnLoad (7ms)
				EditorAssembliesLoaded (0ms)
			ExecutionOrderSort2 (0ms)
			AwakeInstancesAfterBackupRestoration (16ms)
Platform modules already initialized, skipping
Refreshing native plugins compatible for Editor in 2.72 ms, found 3 plugins.
Preloading 0 native plugins for Editor in 0.00 ms.
Unloading 5025 Unused Serialized files (Serialized files now loaded: 0)
Unloading 30 unused Assets / (0.7 MB). Loaded Objects now: 5654.
Memory consumption went from 213.3 MB to 212.6 MB.
Total: 4.359600 ms (FindLiveObjects: 0.614400 ms CreateObjectMapping: 0.148500 ms MarkObjects: 3.257200 ms  DeleteObjects: 0.338100 ms)

AssetImportParameters requested are different than current active one (requested -> active):
  custom:video-decoder-ogg-theora: a1e56fd34408186e4bbccfd4996cb3dc -> 
  custom:container-muxer-webm: aa71ff27fc2769a1b78a27578f13a17b -> 
  custom:container-demuxer-webm: 4f35f7cbe854078d1ac9338744f61a02 -> 
  custom:video-encoder-webm-vp8: eb34c28f22e8b96e1ab97ce403110664 -> 
  custom:audio-encoder-webm-vorbis: bf7c407c2cedff20999df2af8eb42d56 -> 
  custom:framework-win-MediaFoundation: 216162199b28c13a410421893ffa2e32 -> 
  custom:container-demuxer-ogg: 62fdf1f143b41e24485cea50d1cbac27 -> 
  custom:video-decoder-webm-vp8: 9c59270c3fd7afecdb556c50c9e8de78 -> 
  custom:audio-decoder-ogg-vorbis: bf7c407c2cedff20999df2af8eb42d56 -> 
========================================================================
Received Import Request.
  Time since last request: 110.870206 seconds.
  path: Assets/Editor/ImageCombine.cs
  artifactKey: Guid(17135847a4a63f44d967879f22589523) Importer(815301076,1909f56bfc062723c751e8b465ee728b)
Start importing Assets/Editor/ImageCombine.cs using Guid(17135847a4a63f44d967879f22589523) Importer(815301076,1909f56bfc062723c751e8b465ee728b)  -> (artifact id: 'd6e72b89f22f910392ab16381aeb8440') in 0.011195 seconds 
========================================================================
Received Prepare
Registering precompiled user dll's ...
Registered in 0.010629 seconds.
Begin MonoManager ReloadAssembly
Symbol file LoadedFromMemory doesn't match image D:\Work\UnityProjects\MetaHumanProject\Library\PackageCache\com.unity.visualscripting@1.7.8\Editor\VisualScripting.Core\Dependencies\YamlDotNet\Unity.VisualScripting.YamlDotNet.dll
Symbol file LoadedFromMemory doesn't match image D:\Work\UnityProjects\MetaHumanProject\Library\PackageCache\com.unity.visualscripting@1.7.8\Editor\VisualScripting.Core\Dependencies\DotNetZip\Unity.VisualScripting.IonicZip.dll
Native extension for WindowsStandalone target not found
Native extension for iOS target not found
Native extension for Android target not found
Refreshing native plugins compatible for Editor in 0.85 ms, found 3 plugins.
Preloading 0 native plugins for Editor in 0.00 ms.
Mono: successfully reloaded assembly
- Completed reload, in  1.150 seconds
Domain Reload Profiling:
	ReloadAssembly (1151ms)
		BeginReloadAssembly (143ms)
			ExecutionOrderSort (0ms)
			DisableScriptedObjects (7ms)
			BackupInstance (0ms)
			ReleaseScriptingObjects (0ms)
			CreateAndSetChildDomain (40ms)
		EndReloadAssembly (912ms)
			LoadAssemblies (97ms)
			RebuildTransferFunctionScriptingTraits (0ms)
			SetupTypeCache (278ms)
			ReleaseScriptCaches (2ms)
			RebuildScriptCaches (45ms)
			SetupLoadedEditorAssemblies (413ms)
				LogAssemblyErrors (0ms)
				InitializePlatformSupportModulesInManaged (28ms)
				SetLoadedEditorAssemblies (0ms)
				RefreshPlugins (1ms)
				BeforeProcessingInitializeOnLoad (84ms)
				ProcessInitializeOnLoadAttributes (209ms)
				ProcessInitializeOnLoadMethodAttributes (82ms)
				AfterProcessingInitializeOnLoad (9ms)
				EditorAssembliesLoaded (0ms)
			ExecutionOrderSort2 (0ms)
			AwakeInstancesAfterBackupRestoration (17ms)
Platform modules already initialized, skipping
Refreshing native plugins compatible for Editor in 2.34 ms, found 3 plugins.
Preloading 0 native plugins for Editor in 0.00 ms.
Unloading 5025 Unused Serialized files (Serialized files now loaded: 0)
Unloading 30 unused Assets / (0.7 MB). Loaded Objects now: 5657.
Memory consumption went from 213.3 MB to 212.6 MB.
Total: 3.592200 ms (FindLiveObjects: 0.592000 ms CreateObjectMapping: 0.164600 ms MarkObjects: 2.501500 ms  DeleteObjects: 0.332400 ms)

AssetImportParameters requested are different than current active one (requested -> active):
  custom:video-decoder-ogg-theora: a1e56fd34408186e4bbccfd4996cb3dc -> 
  custom:container-muxer-webm: aa71ff27fc2769a1b78a27578f13a17b -> 
  custom:container-demuxer-webm: 4f35f7cbe854078d1ac9338744f61a02 -> 
  custom:video-encoder-webm-vp8: eb34c28f22e8b96e1ab97ce403110664 -> 
  custom:audio-encoder-webm-vorbis: bf7c407c2cedff20999df2af8eb42d56 -> 
  custom:framework-win-MediaFoundation: 216162199b28c13a410421893ffa2e32 -> 
  custom:container-demuxer-ogg: 62fdf1f143b41e24485cea50d1cbac27 -> 
  custom:video-decoder-webm-vp8: 9c59270c3fd7afecdb556c50c9e8de78 -> 
  custom:audio-decoder-ogg-vorbis: bf7c407c2cedff20999df2af8eb42d56 -> 
========================================================================
Received Prepare
Registering precompiled user dll's ...
Registered in 0.010949 seconds.
Begin MonoManager ReloadAssembly
Symbol file LoadedFromMemory doesn't match image D:\Work\UnityProjects\MetaHumanProject\Library\PackageCache\com.unity.visualscripting@1.7.8\Editor\VisualScripting.Core\Dependencies\YamlDotNet\Unity.VisualScripting.YamlDotNet.dll
Symbol file LoadedFromMemory doesn't match image D:\Work\UnityProjects\MetaHumanProject\Library\PackageCache\com.unity.visualscripting@1.7.8\Editor\VisualScripting.Core\Dependencies\DotNetZip\Unity.VisualScripting.IonicZip.dll
Native extension for WindowsStandalone target not found
Native extension for iOS target not found
Native extension for Android target not found
Refreshing native plugins compatible for Editor in 0.85 ms, found 3 plugins.
Preloading 0 native plugins for Editor in 0.00 ms.
Mono: successfully reloaded assembly
- Completed reload, in  1.112 seconds
Domain Reload Profiling:
	ReloadAssembly (1112ms)
		BeginReloadAssembly (133ms)
			ExecutionOrderSort (0ms)
			DisableScriptedObjects (6ms)
			BackupInstance (0ms)
			ReleaseScriptingObjects (0ms)
			CreateAndSetChildDomain (36ms)
		EndReloadAssembly (886ms)
			LoadAssemblies (88ms)
			RebuildTransferFunctionScriptingTraits (0ms)
			SetupTypeCache (271ms)
			ReleaseScriptCaches (2ms)
			RebuildScriptCaches (43ms)
			SetupLoadedEditorAssemblies (408ms)
				LogAssemblyErrors (0ms)
				InitializePlatformSupportModulesInManaged (28ms)
				SetLoadedEditorAssemblies (0ms)
				RefreshPlugins (1ms)
				BeforeProcessingInitializeOnLoad (81ms)
				ProcessInitializeOnLoadAttributes (207ms)
				ProcessInitializeOnLoadMethodAttributes (85ms)
				AfterProcessingInitializeOnLoad (6ms)
				EditorAssembliesLoaded (0ms)
			ExecutionOrderSort2 (0ms)
			AwakeInstancesAfterBackupRestoration (11ms)
Platform modules already initialized, skipping
Refreshing native plugins compatible for Editor in 2.41 ms, found 3 plugins.
Preloading 0 native plugins for Editor in 0.00 ms.
Unloading 5025 Unused Serialized files (Serialized files now loaded: 0)
Unloading 30 unused Assets / (0.7 MB). Loaded Objects now: 5660.
Memory consumption went from 213.4 MB to 212.6 MB.
Total: 3.724300 ms (FindLiveObjects: 0.624700 ms CreateObjectMapping: 0.171400 ms MarkObjects: 2.572800 ms  DeleteObjects: 0.354500 ms)

AssetImportParameters requested are different than current active one (requested -> active):
  custom:video-decoder-ogg-theora: a1e56fd34408186e4bbccfd4996cb3dc -> 
  custom:container-muxer-webm: aa71ff27fc2769a1b78a27578f13a17b -> 
  custom:container-demuxer-webm: 4f35f7cbe854078d1ac9338744f61a02 -> 
  custom:video-encoder-webm-vp8: eb34c28f22e8b96e1ab97ce403110664 -> 
  custom:audio-encoder-webm-vorbis: bf7c407c2cedff20999df2af8eb42d56 -> 
  custom:framework-win-MediaFoundation: 216162199b28c13a410421893ffa2e32 -> 
  custom:container-demuxer-ogg: 62fdf1f143b41e24485cea50d1cbac27 -> 
  custom:video-decoder-webm-vp8: 9c59270c3fd7afecdb556c50c9e8de78 -> 
  custom:audio-decoder-ogg-vorbis: bf7c407c2cedff20999df2af8eb42d56 -> 
========================================================================
Received Import Request.
  Time since last request: 158.607181 seconds.
  path: Assets/Editor/ImageCombine.cs
  artifactKey: Guid(17135847a4a63f44d967879f22589523) Importer(815301076,1909f56bfc062723c751e8b465ee728b)
Start importing Assets/Editor/ImageCombine.cs using Guid(17135847a4a63f44d967879f22589523) Importer(815301076,1909f56bfc062723c751e8b465ee728b)  -> (artifact id: '9163815f08c58fbc446c64d5a8245bef') in 0.008167 seconds 
