Using pre-set license
Built from '2021.3/china_unity/release' branch; Version is '2021.3.6f1c1 (07401303b748) revision 475155'; Using compiler version '192829333'; Build Type 'Release'
OS: 'Windows 10  (10.0.19045) 64bit CoreCountrySpecific' Language: 'zh' Physical Memory: 32488 MB
BatchMode: 1, IsHumanControllingUs: 0, StartBugReporterOnCrash: 0, Is64bit: 1, IsPro: 1

COMMAND LINE ARGUMENTS:
D:\Work\UnityEditors\2021.3.6f1c1\Editor\Unity.exe
-adb2
-batchMode
-noUpm
-name
AssetImportWorker0
-projectPath
D:/Work/UnityProjects/MetaHumanProject
-logFile
Logs/AssetImportWorker0.log
-srvPort
64986
Successfully changed project path to: D:/Work/UnityProjects/MetaHumanProject
D:/Work/UnityProjects/MetaHumanProject
[UnityMemory] Configuration Parameters - Can be set up in boot.config
    "memorysetup-bucket-allocator-granularity=16"
    "memorysetup-bucket-allocator-bucket-count=8"
    "memorysetup-bucket-allocator-block-size=33554432"
    "memorysetup-bucket-allocator-block-count=8"
    "memorysetup-main-allocator-block-size=16777216"
    "memorysetup-thread-allocator-block-size=16777216"
    "memorysetup-gfx-main-allocator-block-size=16777216"
    "memorysetup-gfx-thread-allocator-block-size=16777216"
    "memorysetup-cache-allocator-block-size=4194304"
    "memorysetup-typetree-allocator-block-size=2097152"
    "memorysetup-profiler-bucket-allocator-granularity=16"
    "memorysetup-profiler-bucket-allocator-bucket-count=8"
    "memorysetup-profiler-bucket-allocator-block-size=33554432"
    "memorysetup-profiler-bucket-allocator-block-count=8"
    "memorysetup-profiler-allocator-block-size=16777216"
    "memorysetup-profiler-editor-allocator-block-size=1048576"
    "memorysetup-temp-allocator-size-main=16777216"
    "memorysetup-job-temp-allocator-block-size=2097152"
    "memorysetup-job-temp-allocator-block-size-background=1048576"
    "memorysetup-job-temp-allocator-reduction-small-platforms=262144"
    "memorysetup-temp-allocator-size-background-worker=32768"
    "memorysetup-temp-allocator-size-job-worker=262144"
    "memorysetup-temp-allocator-size-preload-manager=33554432"
    "memorysetup-temp-allocator-size-nav-mesh-worker=65536"
    "memorysetup-temp-allocator-size-audio-worker=65536"
    "memorysetup-temp-allocator-size-cloud-worker=32768"
    "memorysetup-temp-allocator-size-gi-baking-worker=262144"
    "memorysetup-temp-allocator-size-gfx=262144"
AS: AutoStreaming module initializing.
Refreshing native plugins compatible for Editor in 75.07 ms, found 3 plugins.
Preloading 0 native plugins for Editor in 0.00 ms.
Initialize engine version: 2021.3.6f1c1 (07401303b748)
[Subsystems] Discovering subsystems at path D:/Work/UnityEditors/2021.3.6f1c1/Editor/Data/Resources/UnitySubsystems
[Subsystems] Discovering subsystems at path D:/Work/UnityProjects/MetaHumanProject/Assets
GfxDevice: creating device client; threaded=0; jobified=0
Direct3D:
    Version:  Direct3D 11.0 [level 11.1]
    Renderer: NVIDIA GeForce RTX 3070 (ID=0x2488)
    Vendor:   NVIDIA
    VRAM:     8031 MB
    Driver:   31.0.15.2824
Initialize mono
Mono path[0] = 'D:/Work/UnityEditors/2021.3.6f1c1/Editor/Data/Managed'
Mono path[1] = 'D:/Work/UnityEditors/2021.3.6f1c1/Editor/Data/MonoBleedingEdge/lib/mono/unityjit-win32'
Mono config path = 'D:/Work/UnityEditors/2021.3.6f1c1/Editor/Data/MonoBleedingEdge/etc'
Using monoOptions --debugger-agent=transport=dt_socket,embedding=1,server=y,suspend=n,address=127.0.0.1:56684
Begin MonoManager ReloadAssembly
Registering precompiled unity dll's ...
Register platform support module: D:/Work/UnityEditors/2021.3.6f1c1/Editor/Data/PlaybackEngines/AndroidPlayer/UnityEditor.Android.Extensions.dll
Register platform support module: D:/Work/UnityEditors/2021.3.6f1c1/Editor/Data/PlaybackEngines/iOSSupport/UnityEditor.iOS.Extensions.dll
Register platform support module: D:/Work/UnityEditors/2021.3.6f1c1/Editor/Data/PlaybackEngines/WindowsStandaloneSupport/UnityEditor.WindowsStandalone.Extensions.dll
Registered in 0.004224 seconds.
Native extension for WindowsStandalone target not found
[usbmuxd] Start listen thread
[usbmuxd] Listen thread started
Native extension for iOS target not found
Native extension for Android target not found
Refreshing native plugins compatible for Editor in 73.64 ms, found 3 plugins.
Preloading 0 native plugins for Editor in 0.00 ms.
Mono: successfully reloaded assembly
- Completed reload, in  0.611 seconds
Domain Reload Profiling:
	ReloadAssembly (611ms)
		BeginReloadAssembly (67ms)
			ExecutionOrderSort (0ms)
			DisableScriptedObjects (0ms)
			BackupInstance (0ms)
			ReleaseScriptingObjects (0ms)
			CreateAndSetChildDomain (1ms)
		EndReloadAssembly (445ms)
			LoadAssemblies (65ms)
			RebuildTransferFunctionScriptingTraits (0ms)
			SetupTypeCache (94ms)
			ReleaseScriptCaches (0ms)
			RebuildScriptCaches (27ms)
			SetupLoadedEditorAssemblies (274ms)
				LogAssemblyErrors (0ms)
				InitializePlatformSupportModulesInManaged (64ms)
				SetLoadedEditorAssemblies (0ms)
				RefreshPlugins (74ms)
				BeforeProcessingInitializeOnLoad (1ms)
				ProcessInitializeOnLoadAttributes (92ms)
				ProcessInitializeOnLoadMethodAttributes (43ms)
				AfterProcessingInitializeOnLoad (0ms)
				EditorAssembliesLoaded (0ms)
			ExecutionOrderSort2 (0ms)
			AwakeInstancesAfterBackupRestoration (0ms)
Platform modules already initialized, skipping
Registering precompiled user dll's ...
Registered in 0.008449 seconds.
Begin MonoManager ReloadAssembly
Symbol file LoadedFromMemory doesn't match image D:\Work\UnityProjects\MetaHumanProject\Library\PackageCache\com.unity.visualscripting@1.7.8\Editor\VisualScripting.Core\Dependencies\YamlDotNet\Unity.VisualScripting.YamlDotNet.dll
Symbol file LoadedFromMemory doesn't match image D:\Work\UnityProjects\MetaHumanProject\Library\PackageCache\com.unity.visualscripting@1.7.8\Editor\VisualScripting.Core\Dependencies\DotNetZip\Unity.VisualScripting.IonicZip.dll
Native extension for WindowsStandalone target not found
Native extension for iOS target not found
Native extension for Android target not found
Refreshing native plugins compatible for Editor in 0.54 ms, found 3 plugins.
Preloading 0 native plugins for Editor in 0.00 ms.
Mono: successfully reloaded assembly
- Completed reload, in  1.058 seconds
Domain Reload Profiling:
	ReloadAssembly (1059ms)
		BeginReloadAssembly (216ms)
			ExecutionOrderSort (0ms)
			DisableScriptedObjects (6ms)
			BackupInstance (0ms)
			ReleaseScriptingObjects (0ms)
			CreateAndSetChildDomain (132ms)
		EndReloadAssembly (733ms)
			LoadAssemblies (73ms)
			RebuildTransferFunctionScriptingTraits (0ms)
			SetupTypeCache (236ms)
			ReleaseScriptCaches (0ms)
			RebuildScriptCaches (47ms)
			SetupLoadedEditorAssemblies (339ms)
				LogAssemblyErrors (0ms)
				InitializePlatformSupportModulesInManaged (22ms)
				SetLoadedEditorAssemblies (0ms)
				RefreshPlugins (1ms)
				BeforeProcessingInitializeOnLoad (78ms)
				ProcessInitializeOnLoadAttributes (205ms)
				ProcessInitializeOnLoadMethodAttributes (27ms)
				AfterProcessingInitializeOnLoad (6ms)
				EditorAssembliesLoaded (0ms)
			ExecutionOrderSort2 (0ms)
			AwakeInstancesAfterBackupRestoration (6ms)
Platform modules already initialized, skipping
========================================================================
Worker process is ready to serve import requests
Launched and connected shader compiler UnityShaderCompiler.exe after 0.04 seconds
Refreshing native plugins compatible for Editor in 0.39 ms, found 3 plugins.
Preloading 0 native plugins for Editor in 0.00 ms.
Unloading 3368 Unused Serialized files (Serialized files now loaded: 0)
Unloading 27 unused Assets / (111.5 KB). Loaded Objects now: 3828.
Memory consumption went from 116.3 MB to 116.2 MB.
Total: 2.265100 ms (FindLiveObjects: 0.177000 ms CreateObjectMapping: 0.072700 ms MarkObjects: 1.935100 ms  DeleteObjects: 0.079500 ms)

AssetImportParameters requested are different than current active one (requested -> active):
  custom:video-decoder-ogg-theora: a1e56fd34408186e4bbccfd4996cb3dc -> 
  custom:container-muxer-webm: aa71ff27fc2769a1b78a27578f13a17b -> 
  custom:container-demuxer-webm: 4f35f7cbe854078d1ac9338744f61a02 -> 
  custom:video-encoder-webm-vp8: eb34c28f22e8b96e1ab97ce403110664 -> 
  custom:audio-encoder-webm-vorbis: bf7c407c2cedff20999df2af8eb42d56 -> 
  custom:framework-win-MediaFoundation: 216162199b28c13a410421893ffa2e32 -> 
  custom:container-demuxer-ogg: 62fdf1f143b41e24485cea50d1cbac27 -> 
  custom:video-decoder-webm-vp8: 9c59270c3fd7afecdb556c50c9e8de78 -> 
  custom:audio-decoder-ogg-vorbis: bf7c407c2cedff20999df2af8eb42d56 -> 
========================================================================
Received Import Request.
  Time since last request: 297762.014740 seconds.
  path: Assets/ExportPackageByCharacterCreator/male2/male2_LODGroup.Fbx
  artifactKey: Guid(3afde4d0d0c24b04d831716d717e0f46) Importer(815301076,1909f56bfc062723c751e8b465ee728b)
Start importing Assets/ExportPackageByCharacterCreator/male2/male2_LODGroup.Fbx using Guid(3afde4d0d0c24b04d831716d717e0f46) Importer(815301076,1909f56bfc062723c751e8b465ee728b)  -> (artifact id: '887a158d1e2b5e00403f20aa50111a20') in 1.176541 seconds 
========================================================================
Received Import Request.
  Time since last request: 284.135413 seconds.
  path: Assets/ExportPackageByCharacterCreator/male2
  artifactKey: Guid(36abc65c1210b1d409b899ee4c822897) Importer(815301076,1909f56bfc062723c751e8b465ee728b)
Start importing Assets/ExportPackageByCharacterCreator/male2 using Guid(36abc65c1210b1d409b899ee4c822897) Importer(815301076,1909f56bfc062723c751e8b465ee728b)  -> (artifact id: '38e7cf4f2b3a27ed5faa3eaf4a75b835') in 0.005153 seconds 
========================================================================
Received Import Request.
  Time since last request: 5.665838 seconds.
  path: Assets/ExportPackageByCharacterCreator/male2/male2.Fbx
  artifactKey: Guid(bd145c659ba77ff47ba2eeb1a87df85f) Importer(815301076,1909f56bfc062723c751e8b465ee728b)
Start importing Assets/ExportPackageByCharacterCreator/male2/male2.Fbx using Guid(bd145c659ba77ff47ba2eeb1a87df85f) Importer(815301076,1909f56bfc062723c751e8b465ee728b)  -> (artifact id: '1c6d68ad6e8c161b85a5245e14c7ca24') in 1.290524 seconds 
========================================================================
Received Import Request.
  Time since last request: 27.454359 seconds.
  path: Assets/ExportPackageByCharacterCreator/male2/male2.Fbx
  artifactKey: Guid(bd145c659ba77ff47ba2eeb1a87df85f) Importer(815301076,1909f56bfc062723c751e8b465ee728b)
Start importing Assets/ExportPackageByCharacterCreator/male2/male2.Fbx using Guid(bd145c659ba77ff47ba2eeb1a87df85f) Importer(815301076,1909f56bfc062723c751e8b465ee728b)  -> (artifact id: '30b81758f499aaed7f320ed77a88c779') in 1.061288 seconds 
========================================================================
Received Import Request.
  Time since last request: 175.159580 seconds.
  path: Assets/ExportPackageByCharacterCreator/male2/textures/male2/CC_Base_Teeth
  artifactKey: Guid(2e505fc567c71904cb7f6d84ab65722a) Importer(815301076,1909f56bfc062723c751e8b465ee728b)
Start importing Assets/ExportPackageByCharacterCreator/male2/textures/male2/CC_Base_Teeth using Guid(2e505fc567c71904cb7f6d84ab65722a) Importer(815301076,1909f56bfc062723c751e8b465ee728b)  -> (artifact id: '0180704e9ebc74cc98ccac4dff177bcc') in 0.006823 seconds 
========================================================================
Received Import Request.
  Time since last request: 0.492446 seconds.
  path: Assets/ExportPackageByCharacterCreator/male2/textures/male2/Basic_T_shirts
  artifactKey: Guid(b198d10a60f66d3429f79ebcb4bc35fc) Importer(815301076,1909f56bfc062723c751e8b465ee728b)
Start importing Assets/ExportPackageByCharacterCreator/male2/textures/male2/Basic_T_shirts using Guid(b198d10a60f66d3429f79ebcb4bc35fc) Importer(815301076,1909f56bfc062723c751e8b465ee728b)  -> (artifact id: 'fb7de657ab90a6c92b29936501b4d269') in 0.006043 seconds 
========================================================================
Received Import Request.
  Time since last request: 81.469128 seconds.
  path: Assets/ExportPackageByCharacterCreator/male2/textures/male2/Basic_T_shirts/Basic_T_shirts/Basic_T_shirts/Basic_T_shirts_ao.jpg
  artifactKey: Guid(d2d9d8f243a8d1046a5b430e70f2dd29) Importer(815301076,1909f56bfc062723c751e8b465ee728b)
Start importing Assets/ExportPackageByCharacterCreator/male2/textures/male2/Basic_T_shirts/Basic_T_shirts/Basic_T_shirts/Basic_T_shirts_ao.jpg using Guid(d2d9d8f243a8d1046a5b430e70f2dd29) Importer(815301076,1909f56bfc062723c751e8b465ee728b)  -> (artifact id: '212583b7197ab26ce04d5c743f922b57') in 0.075472 seconds 
========================================================================
Received Import Request.
  Time since last request: 0.000022 seconds.
  path: Assets/ExportPackageByCharacterCreator/male2/male2.fbm/Beard_Transparency_0_Diffuse.png
  artifactKey: Guid(88ccfbb00ee9d5041829963c5c94345b) Importer(815301076,1909f56bfc062723c751e8b465ee728b)
Start importing Assets/ExportPackageByCharacterCreator/male2/male2.fbm/Beard_Transparency_0_Diffuse.png using Guid(88ccfbb00ee9d5041829963c5c94345b) Importer(815301076,1909f56bfc062723c751e8b465ee728b)  -> (artifact id: '66a1b4d9ba3a0fd9a4a8f037a22fa51f') in 0.015265 seconds 
========================================================================
Received Import Request.
  Time since last request: 0.000025 seconds.
  path: Assets/ExportPackageByCharacterCreator/male2/textures/male2/Basic_T_shirts/Basic_T_shirts/Basic_T_shirts/Basic_T_shirts_MetallicAlpha.png
  artifactKey: Guid(e0ef0d6dbc94f904a90b7f9ea51e1862) Importer(815301076,1909f56bfc062723c751e8b465ee728b)
Start importing Assets/ExportPackageByCharacterCreator/male2/textures/male2/Basic_T_shirts/Basic_T_shirts/Basic_T_shirts/Basic_T_shirts_MetallicAlpha.png using Guid(e0ef0d6dbc94f904a90b7f9ea51e1862) Importer(815301076,1909f56bfc062723c751e8b465ee728b)  -> (artifact id: 'a83a91af64f9839aec56f6ebf49a51f1') in 0.011393 seconds 
========================================================================
Received Import Request.
  Time since last request: 0.000025 seconds.
  path: Assets/ExportPackageByCharacterCreator/male2/male2.fbm/Basic_T_shirts_Normal.png
  artifactKey: Guid(202f9e26d8035cd4c9dead7a65218375) Importer(815301076,1909f56bfc062723c751e8b465ee728b)
Start importing Assets/ExportPackageByCharacterCreator/male2/male2.fbm/Basic_T_shirts_Normal.png using Guid(202f9e26d8035cd4c9dead7a65218375) Importer(815301076,1909f56bfc062723c751e8b465ee728b)  -> (artifact id: '128a49cc5aef48b0010fdb5d5bf16673') in 0.016666 seconds 
Editor requested this worker to shutdown with reason: Scaling down because of idle timeout
AssetImportWorker is now disconnected from the server
Process exiting
Exiting without the bug reporter. Application will terminate with return code 0